{
    "timestamp": "2024-07-09 19:59:51,432",
    "level": "DEBUG",
    "message": "This is log message 0",
    "filename": "teste2.py"
}
{
    "timestamp": "2024-07-09 19:59:51,433",
    "level": "DEBUG",
    "message": "This is log message 1",
    "filename": "teste2.py"
}
{
    "timestamp": "2024-07-09 19:59:51,433",
    "level": "DEBUG",
    "message": "This is log message 2",
    "filename": "teste2.py"
}
{
    "timestamp": "2024-07-09 19:59:51,434",
    "level": "DEBUG",
    "message": "This is log message 3",
    "filename": "teste2.py"
}
{
    "timestamp": "2024-07-09 19:59:51,434",
    "level": "DEBUG",
    "message": "This is log message 4",
    "filename": "teste2.py"
}
{
    "timestamp": "2024-07-09 19:59:51,435",
    "level": "DEBUG",
    "message": "This is log message 5",
    "filename": "teste2.py"
}
{
    "timestamp": "2024-07-09 19:59:51,435",
    "level": "DEBUG",
    "message": "This is log message 6",
    "filename": "teste2.py"
}
{
    "timestamp": "2024-07-09 19:59:51,436",
    "level": "DEBUG",
    "message": "This is log message 7",
    "filename": "teste2.py"
}
{
    "timestamp": "2024-07-09 19:59:51,436",
    "level": "DEBUG",
    "message": "This is log message 8",
    "filename": "teste2.py"
}
{
    "timestamp": "2024-07-09 19:59:51,436",
    "level": "DEBUG",
    "message": "This is log message 9",
    "filename": "teste2.py"
}
{
    "timestamp": "2024-07-09 19:59:51,437",
    "level": "DEBUG",
    "message": "This is log message 10",
    "filename": "teste2.py"
}
{
    "timestamp": "2024-07-09 19:59:51,437",
    "level": "DEBUG",
    "message": "This is log message 11",
    "filename": "teste2.py"
}
{
    "timestamp": "2024-07-09 19:59:51,437",
    "level": "DEBUG",
    "message": "This is log message 12",
    "filename": "teste2.py"
}
